#! c:/iverilog-x64/bin/vvp
:ivl_version "10.1 (stable)" "(v10_1_1)";
:ivl_delay_selection "TYPICAL";
:vpi_time_precision - 12;
:vpi_module "system";
:vpi_module "vhdl_sys";
:vpi_module "v2005_math";
:vpi_module "va_math";
S_0000000000f3a050 .scope module, "traffic_control_tb" "traffic_control_tb" 2 221;
 .timescale -9 -12;
v0000000000f48ee0_0 .var "clk", 0 0;
v0000000000f48f80_0 .net "e_lights", 2 0, v0000000000f48d00_0;  1 drivers
v0000000000f49520_0 .var/i "i", 31 0;
v0000000000f490c0_0 .net "n_lights", 2 0, v0000000000f493e0_0;  1 drivers
v0000000000f49160_0 .var "rst_a", 0 0;
v0000000000f49200_0 .net "s_lights", 2 0, v0000000000f49980_0;  1 drivers
v0000000000f49340_0 .net "w_lights", 2 0, v0000000000f48bc0_0;  1 drivers
S_0000000001016790 .scope module, "DUT" "traffic_control" 2 227, 2 1 0, S_0000000000f3a050;
 .timescale 0 0;
    .port_info 0 /OUTPUT 3 "n_lights"
    .port_info 1 /OUTPUT 3 "s_lights"
    .port_info 2 /OUTPUT 3 "e_lights"
    .port_info 3 /OUTPUT 3 "w_lights"
    .port_info 4 /INPUT 1 "clk"
    .port_info 5 /INPUT 1 "rst_a"
v0000000000f48da0_0 .net "clk", 0 0, v0000000000f48ee0_0;  1 drivers
v0000000000f49700_0 .var "count", 2 0;
v0000000000f48d00_0 .var "e_lights", 2 0;
L_00000000027c01a8 .functor BUFT 1, C4<100>, C4<0>, C4<0>, C4<0>;
v0000000000f48c60_0 .net "east", 2 0, L_00000000027c01a8;  1 drivers
L_00000000027c01f0 .functor BUFT 1, C4<101>, C4<0>, C4<0>, C4<0>;
v0000000000f49020_0 .net "east_y", 2 0, L_00000000027c01f0;  1 drivers
v0000000000f493e0_0 .var "n_lights", 2 0;
L_00000000027c0088 .functor BUFT 1, C4<000>, C4<0>, C4<0>, C4<0>;
v0000000000f497a0_0 .net "north", 2 0, L_00000000027c0088;  1 drivers
L_00000000027c00d0 .functor BUFT 1, C4<001>, C4<0>, C4<0>, C4<0>;
v0000000000f495c0_0 .net "north_y", 2 0, L_00000000027c00d0;  1 drivers
v0000000000f498e0_0 .net "rst_a", 0 0, v0000000000f49160_0;  1 drivers
v0000000000f49980_0 .var "s_lights", 2 0;
L_00000000027c0118 .functor BUFT 1, C4<010>, C4<0>, C4<0>, C4<0>;
v0000000000f49a20_0 .net "south", 2 0, L_00000000027c0118;  1 drivers
L_00000000027c0160 .functor BUFT 1, C4<011>, C4<0>, C4<0>, C4<0>;
v0000000000f48b20_0 .net "south_y", 2 0, L_00000000027c0160;  1 drivers
v0000000000f49480_0 .var "state", 2 0;
v0000000000f48bc0_0 .var "w_lights", 2 0;
L_00000000027c0238 .functor BUFT 1, C4<110>, C4<0>, C4<0>, C4<0>;
v0000000000f492a0_0 .net "west", 2 0, L_00000000027c0238;  1 drivers
L_00000000027c0280 .functor BUFT 1, C4<111>, C4<0>, C4<0>, C4<0>;
v0000000000f48e40_0 .net "west_y", 2 0, L_00000000027c0280;  1 drivers
E_0000000000f4b310 .event edge, v0000000000f49480_0;
E_0000000000f4b0d0 .event posedge, v0000000000f498e0_0, v0000000000f48da0_0;
    .scope S_0000000001016790;
T_0 ;
    %wait E_0000000000f4b0d0;
    %load/vec4 v0000000000f498e0_0;
    %flag_set/vec4 8;
    %jmp/0xz  T_0.0, 8;
    %load/vec4 v0000000000f497a0_0;
    %store/vec4 v0000000000f49480_0, 0, 3;
    %pushi/vec4 0, 0, 3;
    %store/vec4 v0000000000f49700_0, 0, 3;
    %jmp T_0.1;
T_0.0 ;
    %load/vec4 v0000000000f49480_0;
    %dup/vec4;
    %load/vec4 v0000000000f497a0_0;
    %cmp/u;
    %jmp/1 T_0.2, 6;
    %dup/vec4;
    %load/vec4 v0000000000f495c0_0;
    %cmp/u;
    %jmp/1 T_0.3, 6;
    %dup/vec4;
    %load/vec4 v0000000000f49a20_0;
    %cmp/u;
    %jmp/1 T_0.4, 6;
    %dup/vec4;
    %load/vec4 v0000000000f48b20_0;
    %cmp/u;
    %jmp/1 T_0.5, 6;
    %dup/vec4;
    %load/vec4 v0000000000f48c60_0;
    %cmp/u;
    %jmp/1 T_0.6, 6;
    %dup/vec4;
    %load/vec4 v0000000000f49020_0;
    %cmp/u;
    %jmp/1 T_0.7, 6;
    %dup/vec4;
    %load/vec4 v0000000000f492a0_0;
    %cmp/u;
    %jmp/1 T_0.8, 6;
    %dup/vec4;
    %load/vec4 v0000000000f48e40_0;
    %cmp/u;
    %jmp/1 T_0.9, 6;
    %jmp T_0.10;
T_0.2 ;
    %load/vec4 v0000000000f49700_0;
    %cmpi/e 7, 0, 3;
    %jmp/0xz  T_0.11, 4;
    %pushi/vec4 0, 0, 3;
    %store/vec4 v0000000000f49700_0, 0, 3;
    %load/vec4 v0000000000f495c0_0;
    %store/vec4 v0000000000f49480_0, 0, 3;
    %jmp T_0.12;
T_0.11 ;
    %load/vec4 v0000000000f49700_0;
    %addi 1, 0, 3;
    %store/vec4 v0000000000f49700_0, 0, 3;
    %load/vec4 v0000000000f497a0_0;
    %store/vec4 v0000000000f49480_0, 0, 3;
T_0.12 ;
    %jmp T_0.10;
T_0.3 ;
    %load/vec4 v0000000000f49700_0;
    %cmpi/e 3, 0, 3;
    %jmp/0xz  T_0.13, 4;
    %pushi/vec4 0, 0, 3;
    %store/vec4 v0000000000f49700_0, 0, 3;
    %load/vec4 v0000000000f49a20_0;
    %store/vec4 v0000000000f49480_0, 0, 3;
    %jmp T_0.14;
T_0.13 ;
    %load/vec4 v0000000000f49700_0;
    %addi 1, 0, 3;
    %store/vec4 v0000000000f49700_0, 0, 3;
    %load/vec4 v0000000000f495c0_0;
    %store/vec4 v0000000000f49480_0, 0, 3;
T_0.14 ;
    %jmp T_0.10;
T_0.4 ;
    %load/vec4 v0000000000f49700_0;
    %cmpi/e 7, 0, 3;
    %jmp/0xz  T_0.15, 4;
    %pushi/vec4 0, 0, 3;
    %store/vec4 v0000000000f49700_0, 0, 3;
    %load/vec4 v0000000000f48b20_0;
    %store/vec4 v0000000000f49480_0, 0, 3;
    %jmp T_0.16;
T_0.15 ;
    %load/vec4 v0000000000f49700_0;
    %addi 1, 0, 3;
    %store/vec4 v0000000000f49700_0, 0, 3;
    %load/vec4 v0000000000f49a20_0;
    %store/vec4 v0000000000f49480_0, 0, 3;
T_0.16 ;
    %jmp T_0.10;
T_0.5 ;
    %load/vec4 v0000000000f49700_0;
    %cmpi/e 3, 0, 3;
    %jmp/0xz  T_0.17, 4;
    %pushi/vec4 0, 0, 3;
    %store/vec4 v0000000000f49700_0, 0, 3;
    %load/vec4 v0000000000f48c60_0;
    %store/vec4 v0000000000f49480_0, 0, 3;
    %jmp T_0.18;
T_0.17 ;
    %load/vec4 v0000000000f49700_0;
    %addi 1, 0, 3;
    %store/vec4 v0000000000f49700_0, 0, 3;
    %load/vec4 v0000000000f48b20_0;
    %store/vec4 v0000000000f49480_0, 0, 3;
T_0.18 ;
    %jmp T_0.10;
T_0.6 ;
    %load/vec4 v0000000000f49700_0;
    %cmpi/e 7, 0, 3;
    %jmp/0xz  T_0.19, 4;
    %pushi/vec4 0, 0, 3;
    %store/vec4 v0000000000f49700_0, 0, 3;
    %load/vec4 v0000000000f49020_0;
    %store/vec4 v0000000000f49480_0, 0, 3;
    %jmp T_0.20;
T_0.19 ;
    %load/vec4 v0000000000f49700_0;
    %addi 1, 0, 3;
    %store/vec4 v0000000000f49700_0, 0, 3;
    %load/vec4 v0000000000f48c60_0;
    %store/vec4 v0000000000f49480_0, 0, 3;
T_0.20 ;
    %jmp T_0.10;
T_0.7 ;
    %load/vec4 v0000000000f49700_0;
    %cmpi/e 3, 0, 3;
    %jmp/0xz  T_0.21, 4;
    %pushi/vec4 0, 0, 3;
    %store/vec4 v0000000000f49700_0, 0, 3;
    %load/vec4 v0000000000f492a0_0;
    %store/vec4 v0000000000f49480_0, 0, 3;
    %jmp T_0.22;
T_0.21 ;
    %load/vec4 v0000000000f49700_0;
    %addi 1, 0, 3;
    %store/vec4 v0000000000f49700_0, 0, 3;
    %load/vec4 v0000000000f49020_0;
    %store/vec4 v0000000000f49480_0, 0, 3;
T_0.22 ;
    %jmp T_0.10;
T_0.8 ;
    %load/vec4 v0000000000f49700_0;
    %cmpi/e 7, 0, 3;
    %jmp/0xz  T_0.23, 4;
    %load/vec4 v0000000000f48e40_0;
    %store/vec4 v0000000000f49480_0, 0, 3;
    %pushi/vec4 0, 0, 3;
    %store/vec4 v0000000000f49700_0, 0, 3;
    %jmp T_0.24;
T_0.23 ;
    %load/vec4 v0000000000f49700_0;
    %addi 1, 0, 3;
    %store/vec4 v0000000000f49700_0, 0, 3;
    %load/vec4 v0000000000f492a0_0;
    %store/vec4 v0000000000f49480_0, 0, 3;
T_0.24 ;
    %jmp T_0.10;
T_0.9 ;
    %load/vec4 v0000000000f49700_0;
    %cmpi/e 3, 0, 3;
    %jmp/0xz  T_0.25, 4;
    %load/vec4 v0000000000f497a0_0;
    %store/vec4 v0000000000f49480_0, 0, 3;
    %pushi/vec4 0, 0, 3;
    %store/vec4 v0000000000f49700_0, 0, 3;
    %jmp T_0.26;
T_0.25 ;
    %load/vec4 v0000000000f49700_0;
    %addi 1, 0, 3;
    %store/vec4 v0000000000f49700_0, 0, 3;
    %load/vec4 v0000000000f48e40_0;
    %store/vec4 v0000000000f49480_0, 0, 3;
T_0.26 ;
    %jmp T_0.10;
T_0.10 ;
    %pop/vec4 1;
T_0.1 ;
    %jmp T_0;
    .thread T_0;
    .scope S_0000000001016790;
T_1 ;
    %wait E_0000000000f4b310;
    %load/vec4 v0000000000f49480_0;
    %dup/vec4;
    %load/vec4 v0000000000f497a0_0;
    %cmp/u;
    %jmp/1 T_1.0, 6;
    %dup/vec4;
    %load/vec4 v0000000000f495c0_0;
    %cmp/u;
    %jmp/1 T_1.1, 6;
    %dup/vec4;
    %load/vec4 v0000000000f49a20_0;
    %cmp/u;
    %jmp/1 T_1.2, 6;
    %dup/vec4;
    %load/vec4 v0000000000f48b20_0;
    %cmp/u;
    %jmp/1 T_1.3, 6;
    %dup/vec4;
    %load/vec4 v0000000000f492a0_0;
    %cmp/u;
    %jmp/1 T_1.4, 6;
    %dup/vec4;
    %load/vec4 v0000000000f48e40_0;
    %cmp/u;
    %jmp/1 T_1.5, 6;
    %dup/vec4;
    %load/vec4 v0000000000f48c60_0;
    %cmp/u;
    %jmp/1 T_1.6, 6;
    %dup/vec4;
    %load/vec4 v0000000000f49020_0;
    %cmp/u;
    %jmp/1 T_1.7, 6;
    %jmp T_1.8;
T_1.0 ;
    %pushi/vec4 1, 0, 3;
    %store/vec4 v0000000000f493e0_0, 0, 3;
    %pushi/vec4 4, 0, 3;
    %store/vec4 v0000000000f49980_0, 0, 3;
    %pushi/vec4 4, 0, 3;
    %store/vec4 v0000000000f48d00_0, 0, 3;
    %pushi/vec4 4, 0, 3;
    %store/vec4 v0000000000f48bc0_0, 0, 3;
    %jmp T_1.8;
T_1.1 ;
    %pushi/vec4 2, 0, 3;
    %store/vec4 v0000000000f493e0_0, 0, 3;
    %pushi/vec4 4, 0, 3;
    %store/vec4 v0000000000f49980_0, 0, 3;
    %pushi/vec4 4, 0, 3;
    %store/vec4 v0000000000f48d00_0, 0, 3;
    %pushi/vec4 4, 0, 3;
    %store/vec4 v0000000000f48bc0_0, 0, 3;
    %jmp T_1.8;
T_1.2 ;
    %pushi/vec4 4, 0, 3;
    %store/vec4 v0000000000f493e0_0, 0, 3;
    %pushi/vec4 1, 0, 3;
    %store/vec4 v0000000000f49980_0, 0, 3;
    %pushi/vec4 4, 0, 3;
    %store/vec4 v0000000000f48d00_0, 0, 3;
    %pushi/vec4 4, 0, 3;
    %store/vec4 v0000000000f48bc0_0, 0, 3;
    %jmp T_1.8;
T_1.3 ;
    %pushi/vec4 4, 0, 3;
    %store/vec4 v0000000000f493e0_0, 0, 3;
    %pushi/vec4 2, 0, 3;
    %store/vec4 v0000000000f49980_0, 0, 3;
    %pushi/vec4 4, 0, 3;
    %store/vec4 v0000000000f48d00_0, 0, 3;
    %pushi/vec4 4, 0, 3;
    %store/vec4 v0000000000f48bc0_0, 0, 3;
    %jmp T_1.8;
T_1.4 ;
    %pushi/vec4 4, 0, 3;
    %store/vec4 v0000000000f493e0_0, 0, 3;
    %pushi/vec4 4, 0, 3;
    %store/vec4 v0000000000f49980_0, 0, 3;
    %pushi/vec4 4, 0, 3;
    %store/vec4 v0000000000f48d00_0, 0, 3;
    %pushi/vec4 1, 0, 3;
    %store/vec4 v0000000000f48bc0_0, 0, 3;
    %jmp T_1.8;
T_1.5 ;
    %pushi/vec4 4, 0, 3;
    %store/vec4 v0000000000f493e0_0, 0, 3;
    %pushi/vec4 4, 0, 3;
    %store/vec4 v0000000000f49980_0, 0, 3;
    %pushi/vec4 4, 0, 3;
    %store/vec4 v0000000000f48d00_0, 0, 3;
    %pushi/vec4 2, 0, 3;
    %store/vec4 v0000000000f48bc0_0, 0, 3;
    %jmp T_1.8;
T_1.6 ;
    %pushi/vec4 4, 0, 3;
    %store/vec4 v0000000000f493e0_0, 0, 3;
    %pushi/vec4 4, 0, 3;
    %store/vec4 v0000000000f49980_0, 0, 3;
    %pushi/vec4 1, 0, 3;
    %store/vec4 v0000000000f48d00_0, 0, 3;
    %pushi/vec4 4, 0, 3;
    %store/vec4 v0000000000f48bc0_0, 0, 3;
    %jmp T_1.8;
T_1.7 ;
    %pushi/vec4 4, 0, 3;
    %store/vec4 v0000000000f493e0_0, 0, 3;
    %pushi/vec4 4, 0, 3;
    %store/vec4 v0000000000f49980_0, 0, 3;
    %pushi/vec4 2, 0, 3;
    %store/vec4 v0000000000f48d00_0, 0, 3;
    %pushi/vec4 4, 0, 3;
    %store/vec4 v0000000000f48bc0_0, 0, 3;
    %jmp T_1.8;
T_1.8 ;
    %pop/vec4 1;
    %jmp T_1;
    .thread T_1, $push;
    .scope S_0000000000f3a050;
T_2 ;
    %vpi_call 2 232 "$display", "clk\011 north\011 south\011 east\011 west\011 " {0 0 0};
    %vpi_call 2 233 "$monitor", "%b\011%b\011%b\011%b\011%b\011", v0000000000f48ee0_0, v0000000000f490c0_0, v0000000000f49200_0, v0000000000f48f80_0, v0000000000f49340_0 {0 0 0};
    %vpi_call 2 234 "$dumpfile", "first.vcd" {0 0 0};
    %vpi_call 2 235 "$dumpvars", 32'sb00000000000000000000000000000000, S_0000000000f3a050 {0 0 0};
    %pushi/vec4 1, 0, 1;
    %store/vec4 v0000000000f48ee0_0, 0, 1;
    %pushi/vec4 0, 0, 32;
    %store/vec4 v0000000000f49520_0, 0, 32;
T_2.0 ;
    %load/vec4 v0000000000f49520_0;
    %cmpi/s 100, 0, 32;
    %jmp/0xz T_2.1, 5;
    %delay 5000, 0;
    %load/vec4 v0000000000f48ee0_0;
    %inv;
    %store/vec4 v0000000000f48ee0_0, 0, 1;
    %load/vec4 v0000000000f49520_0;
    %pushi/vec4 1, 0, 32;
    %add;
    %store/vec4 v0000000000f49520_0, 0, 32;
    %jmp T_2.0;
T_2.1 ;
    %end;
    .thread T_2;
    .scope S_0000000000f3a050;
T_3 ;
    %pushi/vec4 1, 0, 1;
    %store/vec4 v0000000000f49160_0, 0, 1;
    %delay 15000, 0;
    %pushi/vec4 0, 0, 1;
    %store/vec4 v0000000000f49160_0, 0, 1;
    %delay 1000000, 0;
    %vpi_call 2 249 "$finish" {0 0 0};
    %end;
    .thread T_3;
# The file index is used to find the file name in the following table.
:file_names 3;
    "N/A";
    "<interactive>";
    ".\trafficlight.v";
